#
# There is insufficient memory for the Java Runtime Environment to continue.
# Native memory allocation (malloc) failed to allocate 842336 bytes for Chunk::new
# Possible reasons:
#   The system is out of physical RAM or swap space
#   In 32 bit mode, the process size limit was hit
# Possible solutions:
#   Reduce memory load on the system
#   Increase physical memory or swap space
#   Check if swap backing store is full
#   Use 64 bit Java on a 64 bit OS
#   Decrease Java heap size (-Xmx/-Xms)
#   Decrease number of Java threads
#   Decrease Java thread stack sizes (-Xss)
#   Set larger code cache with -XX:ReservedCodeCacheSize=
# This output file may be truncated or incomplete.
#
#  Out of Memory Error (allocation.cpp:390), pid=13060, tid=4520
#
# JRE version: Java(TM) SE Runtime Environment (8.0_25-b18) (build 1.8.0_25-b18)
# Java VM: Java HotSpot(TM) 64-Bit Server VM (25.25-b02 mixed mode windows-amd64 compressed oops)
# Failed to write core dump. Minidumps are not enabled by default on client versions of Windows
#

---------------  T H R E A D  ---------------

Current thread (0x0000000007350800):  JavaThread "C2 CompilerThread0" daemon [_thread_in_native, id=4520, stack(0x0000000008a30000,0x0000000008b30000)]

Stack: [0x0000000008a30000,0x0000000008b30000]
Native frames: (J=compiled Java code, j=interpreted, Vv=VM code, C=native code)
V  [jvm.dll+0x31667a]
V  [jvm.dll+0x267073]
V  [jvm.dll+0x267cb3]
V  [jvm.dll+0x25f5b5]
V  [jvm.dll+0xbf165]
V  [jvm.dll+0xbf60c]
V  [jvm.dll+0x45d672]
V  [jvm.dll+0x49e8ef]
V  [jvm.dll+0x452b41]
V  [jvm.dll+0x453864]
V  [jvm.dll+0x437372]
V  [jvm.dll+0x98a02]
V  [jvm.dll+0x991f3]
V  [jvm.dll+0x22bde4]
V  [jvm.dll+0x2852fa]
C  [msvcr100.dll+0x21d9f]
C  [msvcr100.dll+0x21e3b]
C  [kernel32.dll+0x159ed]
C  [ntdll.dll+0x2b831]


Current CompileTask:
C2:   1752  795       4       com.android.dx.merge.DexMerger::transformDebugInfoItem (313 bytes)


---------------  P R O C E S S  ---------------

Java Threads: ( => current thread )
  0x00000000073f9000 JavaThread "Service Thread" daemon [_thread_blocked, id=9732, stack(0x0000000008f90000,0x0000000009090000)]
  0x000000000737d800 JavaThread "C1 CompilerThread3" daemon [_thread_in_native, id=5212, stack(0x0000000008640000,0x0000000008740000)]
  0x000000000736c800 JavaThread "C2 CompilerThread2" daemon [_thread_in_native, id=10872, stack(0x0000000008dd0000,0x0000000008ed0000)]
  0x0000000007366000 JavaThread "C2 CompilerThread1" daemon [_thread_in_native, id=10904, stack(0x0000000008b80000,0x0000000008c80000)]
=>0x0000000007350800 JavaThread "C2 CompilerThread0" daemon [_thread_in_native, id=4520, stack(0x0000000008a30000,0x0000000008b30000)]
  0x000000000735e800 JavaThread "Attach Listener" daemon [_thread_blocked, id=12292, stack(0x0000000008930000,0x0000000008a30000)]
  0x000000000735d800 JavaThread "Signal Dispatcher" daemon [_thread_blocked, id=12676, stack(0x0000000008760000,0x0000000008860000)]
  0x000000000628b800 JavaThread "Finalizer" daemon [_thread_blocked, id=12784, stack(0x0000000008250000,0x0000000008350000)]
  0x00000000072f3800 JavaThread "Reference Handler" daemon [_thread_blocked, id=11752, stack(0x0000000008500000,0x0000000008600000)]
  0x00000000022ce800 JavaThread "main" [_thread_in_Java, id=6044, stack(0x00000000024b0000,0x00000000025b0000)]

Other Threads:
  0x00000000072f0800 VMThread [stack: 0x00000000083b0000,0x00000000084b0000] [id=13000]
  0x00000000073fc800 WatcherThread [stack: 0x0000000009190000,0x0000000009290000] [id=11748]

VM state:not at safepoint (normal execution)

VM Mutex/Monitor currently owned by a thread: None

Heap:
 PSYoungGen      total 36864K, used 23478K [0x00000000eab00000, 0x00000000ef300000, 0x0000000100000000)
  eden space 31744K, 57% used [0x00000000eab00000,0x00000000ebcf0b90,0x00000000eca00000)
  from space 5120K, 99% used [0x00000000eca00000,0x00000000ecefcf90,0x00000000ecf00000)
  to   space 5120K, 0% used [0x00000000eee00000,0x00000000eee00000,0x00000000ef300000)
 ParOldGen       total 84992K, used 1628K [0x00000000c0000000, 0x00000000c5300000, 0x00000000eab00000)
  object space 84992K, 1% used [0x00000000c0000000,0x00000000c01972a0,0x00000000c5300000)
 Metaspace       used 5047K, capacity 5570K, committed 5760K, reserved 1056768K
  class space    used 553K, capacity 562K, committed 640K, reserved 1048576K

Card table byte_map: [0x0000000002970000,0x0000000002b80000] byte_map_base: 0x0000000002370000

Marking Bits: (ParMarkBitMap*) 0x0000000065b8d490
 Begin Bits: [0x00000000036a0000, 0x00000000046a0000)
 End Bits:   [0x00000000046a0000, 0x00000000056a0000)

Polling page: 0x0000000000120000

CodeCache: size=245760Kb used=2882Kb max_used=2882Kb free=242877Kb
 bounds [0x000000000f010000, 0x000000000f2f0000, 0x000000001e010000]
 total_blobs=1132 nmethods=855 adapters=189
 compilation: enabled

Compilation events (10 events):
Event: 1.616 Thread 0x000000000737d800 nmethod 835 0x000000000f2be150 code [0x000000000f2be2e0, 0x000000000f2be5d8]
Event: 1.618 Thread 0x000000000737d800  838       3       sun.misc.VM::addFinalRefCount (24 bytes)
Event: 1.618 Thread 0x000000000737d800 nmethod 838 0x000000000f2be710 code [0x000000000f2be860, 0x000000000f2bea10]
Event: 1.618 Thread 0x000000000737d800  836       3       com.android.dex.TableOfContents$Section::compareTo (9 bytes)
Event: 1.619 Thread 0x000000000737d800 nmethod 836 0x000000000f2bea90 code [0x000000000f2bec00, 0x000000000f2bef50]
Event: 1.619 Thread 0x000000000737d800  837       3       com.android.dex.TableOfContents$Section::compareTo (30 bytes)
Event: 1.619 Thread 0x000000000737d800 nmethod 837 0x000000000f2bf050 code [0x000000000f2bf1c0, 0x000000000f2bf3d0]
Event: 1.655 Thread 0x000000000737d800  840       3       java.util.ComparableTimSort::gallopRight (327 bytes)
Event: 1.657 Thread 0x000000000737d800 nmethod 840 0x000000000f2bf810 code [0x000000000f2bfa00, 0x000000000f2c04b8]
Event: 1.657 Thread 0x000000000737d800  842       3       java.util.ComparableTimSort::countRunAndMakeAscending (123 bytes)

GC Heap History (2 events):
Event: 1.558 GC heap before
{Heap before GC invocations=1 (full 0):
 PSYoungGen      total 36864K, used 30817K [0x00000000eab00000, 0x00000000ed400000, 0x0000000100000000)
  eden space 31744K, 97% used [0x00000000eab00000,0x00000000ec9185b8,0x00000000eca00000)
  from space 5120K, 0% used [0x00000000ecf00000,0x00000000ecf00000,0x00000000ed400000)
  to   space 5120K, 0% used [0x00000000eca00000,0x00000000eca00000,0x00000000ecf00000)
 ParOldGen       total 84992K, used 0K [0x00000000c0000000, 0x00000000c5300000, 0x00000000eab00000)
  object space 84992K, 0% used [0x00000000c0000000,0x00000000c0000000,0x00000000c5300000)
 Metaspace       used 5020K, capacity 5570K, committed 5760K, reserved 1056768K
  class space    used 553K, capacity 562K, committed 640K, reserved 1048576K
Event: 1.615 GC heap after
Heap after GC invocations=1 (full 0):
 PSYoungGen      total 36864K, used 5107K [0x00000000eab00000, 0x00000000ef300000, 0x0000000100000000)
  eden space 31744K, 0% used [0x00000000eab00000,0x00000000eab00000,0x00000000eca00000)
  from space 5120K, 99% used [0x00000000eca00000,0x00000000ecefcf90,0x00000000ecf00000)
  to   space 5120K, 0% used [0x00000000eee00000,0x00000000eee00000,0x00000000ef300000)
 ParOldGen       total 84992K, used 1628K [0x00000000c0000000, 0x00000000c5300000, 0x00000000eab00000)
  object space 84992K, 1% used [0x00000000c0000000,0x00000000c01972a0,0x00000000c5300000)
 Metaspace       used 5020K, capacity 5570K, committed 5760K, reserved 1056768K
  class space    used 553K, capacity 562K, committed 640K, reserved 1048576K
}

Deoptimization events (1 events):
Event: 1.212 Thread 0x00000000022ce800 Uncommon trap: reason=predicate action=maybe_recompile pc=0x000000000f1caa64 method=com.android.dex.Leb128.readUnsignedLeb128(Lcom/android/dex/util/ByteInput;)I @ 41

Internal exceptions (10 events):
Event: 1.121 Thread 0x00000000022ce800 Exception <a 'java/security/PrivilegedActionException'> (0x00000000eb7ab5f0) thrown at [D:\re\workspace\8-2-build-windows-amd64-cygwin\jdk8u25\1677\hotspot\src\share\vm\prims\jvm.cpp, line 1312]
Event: 1.123 Thread 0x00000000022ce800 Exception <a 'java/security/PrivilegedActionException'> (0x00000000eb7ad830) thrown at [D:\re\workspace\8-2-build-windows-amd64-cygwin\jdk8u25\1677\hotspot\src\share\vm\prims\jvm.cpp, line 1312]
Event: 1.123 Thread 0x00000000022ce800 Exception <a 'java/security/PrivilegedActionException'> (0x00000000eb7ae150) thrown at [D:\re\workspace\8-2-build-windows-amd64-cygwin\jdk8u25\1677\hotspot\src\share\vm\prims\jvm.cpp, line 1312]
Event: 1.149 Thread 0x00000000022ce800 Exception <a 'java/security/PrivilegedActionException'> (0x00000000eb7c08d0) thrown at [D:\re\workspace\8-2-build-windows-amd64-cygwin\jdk8u25\1677\hotspot\src\share\vm\prims\jvm.cpp, line 1312]
Event: 1.149 Thread 0x00000000022ce800 Exception <a 'java/security/PrivilegedActionException'> (0x00000000eb7c11b0) thrown at [D:\re\workspace\8-2-build-windows-amd64-cygwin\jdk8u25\1677\hotspot\src\share\vm\prims\jvm.cpp, line 1312]
Event: 1.151 Thread 0x00000000022ce800 Exception <a 'java/security/PrivilegedActionException'> (0x00000000eb7ca830) thrown at [D:\re\workspace\8-2-build-windows-amd64-cygwin\jdk8u25\1677\hotspot\src\share\vm\prims\jvm.cpp, line 1312]
Event: 1.151 Thread 0x00000000022ce800 Exception <a 'java/security/PrivilegedActionException'> (0x00000000eb7cb150) thrown at [D:\re\workspace\8-2-build-windows-amd64-cygwin\jdk8u25\1677\hotspot\src\share\vm\prims\jvm.cpp, line 1312]
Event: 1.151 Thread 0x00000000022ce800 Exception <a 'java/security/PrivilegedActionException'> (0x00000000eb7cca18) thrown at [D:\re\workspace\8-2-build-windows-amd64-cygwin\jdk8u25\1677\hotspot\src\share\vm\prims\jvm.cpp, line 1312]
Event: 1.152 Thread 0x00000000022ce800 Exception <a 'java/security/PrivilegedActionException'> (0x00000000eb7cd348) thrown at [D:\re\workspace\8-2-build-windows-amd64-cygwin\jdk8u25\1677\hotspot\src\share\vm\prims\jvm.cpp, line 1312]
Event: 1.482 Thread 0x00000000022ce800 Exception <a 'java/security/PrivilegedActionException'> (0x00000000ec4d0cf8) thrown at [D:\re\workspace\8-2-build-windows-amd64-cygwin\jdk8u25\1677\hotspot\src\share\vm\prims\jvm.cpp, line 1312]

Events (10 events):
Event: 1.331 Thread 0x00000000022ce800 DEOPT PACKING pc=0x000000000f1d437e sp=0x00000000025af1d0
Event: 1.331 Thread 0x00000000022ce800 DEOPT UNPACKING pc=0x000000000f0575bf sp=0x00000000025aeee8 mode 0
Event: 1.482 loading class com/android/dex/Dex$1
Event: 1.482 loading class com/android/dex/Dex$1 done
Event: 1.503 Thread 0x00000000022ce800 DEOPT PACKING pc=0x000000000f244cd4 sp=0x00000000025af0d0
Event: 1.503 Thread 0x00000000022ce800 DEOPT UNPACKING pc=0x000000000f0575bf sp=0x00000000025aede8 mode 0
Event: 1.558 Executing VM operation: ParallelGCFailedAllocation
Event: 1.615 Executing VM operation: ParallelGCFailedAllocation done
Event: 1.616 loading class sun/misc/Cleaner
Event: 1.617 loading class sun/misc/Cleaner done


Dynamic libraries:
0x000000013f520000 - 0x000000013f554000 	C:\Program Files\Java\jdk1.8.0_25\bin\java.exe
0x00000000771d0000 - 0x0000000077379000 	C:\Windows\SYSTEM32\ntdll.dll
0x00000000770b0000 - 0x00000000771cf000 	C:\Windows\system32\kernel32.dll
0x000007fefd470000 - 0x000007fefd4dc000 	C:\Windows\system32\KERNELBASE.dll
0x000007fefdbd0000 - 0x000007fefdcab000 	C:\Windows\system32\ADVAPI32.dll
0x000007fefd9a0000 - 0x000007fefda3f000 	C:\Windows\system32\msvcrt.dll
0x000007fefee00000 - 0x000007fefee1f000 	C:\Windows\SYSTEM32\sechost.dll
0x000007fefee20000 - 0x000007fefef4d000 	C:\Windows\system32\RPCRT4.dll
0x0000000076fb0000 - 0x00000000770aa000 	C:\Windows\system32\USER32.dll
0x000007feff080000 - 0x000007feff0e7000 	C:\Windows\system32\GDI32.dll
0x000007fefdb40000 - 0x000007fefdb4e000 	C:\Windows\system32\LPK.dll
0x000007fefd8d0000 - 0x000007fefd99a000 	C:\Windows\system32\USP10.dll
0x000007fefb820000 - 0x000007fefba14000 	C:\Windows\WinSxS\amd64_microsoft.windows.common-controls_6595b64144ccf1df_6.0.7601.18837_none_fa3b1e3d17594757\COMCTL32.dll
0x000007fefdb50000 - 0x000007fefdbc1000 	C:\Windows\system32\SHLWAPI.dll
0x000007fefed80000 - 0x000007fefedae000 	C:\Windows\system32\IMM32.DLL
0x000007fefde40000 - 0x000007fefdf49000 	C:\Windows\system32\MSCTF.dll
0x000007fefd090000 - 0x000007fefd0c1000 	C:\Windows\system32\nvinitx.dll
0x000000000f000000 - 0x000000000f006000 	C:\Program Files\NVIDIA Corporation\CoProcManager\detoured.dll
0x000007fefac30000 - 0x000007fefac62000 	C:\Program Files\NVIDIA Corporation\CoProcManager\nvd3d9wrapx.dll
0x000007feff0f0000 - 0x000007feff2c7000 	C:\Windows\system32\SETUPAPI.dll
0x000007fefd260000 - 0x000007fefd296000 	C:\Windows\system32\CFGMGR32.dll
0x000007fefda40000 - 0x000007fefdb17000 	C:\Windows\system32\OLEAUT32.dll
0x000007feff2d0000 - 0x000007feff4d3000 	C:\Windows\system32\ole32.dll
0x000007fefd450000 - 0x000007fefd46a000 	C:\Windows\system32\DEVOBJ.dll
0x000007fefa290000 - 0x000007fefa2b2000 	C:\Program Files\NVIDIA Corporation\CoProcManager\nvdxgiwrapx.dll
0x0000000060ee0000 - 0x0000000060fb2000 	C:\Program Files\Java\jdk1.8.0_25\jre\bin\msvcr100.dll
0x00000000653b0000 - 0x0000000065c0a000 	C:\Program Files\Java\jdk1.8.0_25\jre\bin\server\jvm.dll
0x000007fef7360000 - 0x000007fef7369000 	C:\Windows\system32\WSOCK32.dll
0x000007fefedb0000 - 0x000007fefedfd000 	C:\Windows\system32\WS2_32.dll
0x000007fefdcb0000 - 0x000007fefdcb8000 	C:\Windows\system32\NSI.dll
0x000007fefafb0000 - 0x000007fefafeb000 	C:\Windows\system32\WINMM.dll
0x00000000773a0000 - 0x00000000773a7000 	C:\Windows\system32\PSAPI.DLL
0x000000006a060000 - 0x000000006a06f000 	C:\Program Files\Java\jdk1.8.0_25\jre\bin\verify.dll
0x000000006a030000 - 0x000000006a058000 	C:\Program Files\Java\jdk1.8.0_25\jre\bin\java.dll
0x000000006a010000 - 0x000000006a026000 	C:\Program Files\Java\jdk1.8.0_25\jre\bin\zip.dll
0x000007fefdf50000 - 0x000007fefecd9000 	C:\Windows\system32\SHELL32.dll
0x000007fefd0d0000 - 0x000007fefd0df000 	C:\Windows\system32\profapi.dll
0x000007fef2e40000 - 0x000007fef2f65000 	C:\Windows\system32\dbghelp.dll

VM Arguments:
jvm_args: -Djava.awt.headless=true -Xmx1024M -Dfile.encoding=GBK -Duser.country=CN -Duser.language=zh -Duser.variant 
java_command: com.android.dx.command.Main --dex --num-threads=4 --output E:\Train\Android\UDPdemo\app\build\intermediates\transforms\dex\debug\folders\1000\1f\main E:\Train\Android\UDPdemo\app\build\intermediates\pre-dexed\debug\support-annotations-23.1.1_eb81332451f529aaedd5317e508fcb40ac05a3d5.jar E:\Train\Android\UDPdemo\app\build\intermediates\pre-dexed\debug\debug_8d94ae8b3e26f1976f86836f0f3a50a97f721453.jar E:\Train\Android\UDPdemo\app\build\intermediates\pre-dexed\debug\internal_impl-23.1.1_4488973c31fb349385637aa29f472ca0e377333c.jar E:\Train\Android\UDPdemo\app\build\intermediates\pre-dexed\debug\com.android.support-appcompat-v7-23.1.1_f0ad0adc64d94e37755dfc76ffb1ceecb9f4702b.jar E:\Train\Android\UDPdemo\app\build\intermediates\pre-dexed\debug\com.android.support-support-v4-23.1.1_42e91ffa917ef05875146e652ea3b68d76976df4.jar
java_class_path (initial): C:\Users\lenovo\AppData\Local\Android\sdk\build-tools\23.0.1\lib\dx.jar
Launcher Type: SUN_STANDARD

Environment Variables:
JAVA_HOME=C:\Program Files\Java\jdk1.8.0_25
CLASSPATH=.;C:\Program Files\Java\jdk1.8.0_25\lib;C:\Program Files\Java\jdk1.8.0_25\lib\tools.jar
PATH=C:\ProgramData\Oracle\Java\javapath;C:\Windows\system32;C:\Windows;C:\Windows\System32\Wbem;C:\Windows\System32\WindowsPowerShell\v1.0\;C:\Program Files\Lenovo\Fingerprint Manager Pro\;C:\Program Files\Java\jdk1.8.0_25\bin;C:\Program Files\Java\jdk1.8.0_25\jre\bin;C:\Program Files\Intel\WiFi\bin\;C:\Program Files\Common Files\Intel\WirelessCommon\;C:\Users\lenovo\AppData\Local\Android\sdk\platform-tools;C:\Python34;C:\Program Files (x86)\Microsoft SQL Server\100\Tools\Binn\;C:\Program Files\Microsoft SQL Server\100\Tools\Binn\;C:\Program Files\Microsoft SQL Server\100\DTS\Binn\;C:\Program Files (x86)\Microsoft SQL Server\100\Tools\Binn\VSShell\Common7\IDE\;C:\Program Files (x86)\Microsoft SQL Server\100\DTS\Binn\;C:\Program Files (x86)\Microsoft Visual Studio 9.0\Common7\IDE\PrivateAssemblies\;C:\Program Files\Intel\WiFi\bin\;C:\Program Files\Common Files\Intel\WirelessCommon\
USERNAME=lenovo
OS=Windows_NT
PROCESSOR_IDENTIFIER=Intel64 Family 6 Model 60 Stepping 3, GenuineIntel



---------------  S Y S T E M  ---------------

OS: Windows 7 , 64 bit Build 7601 Service Pack 1

CPU:total 8 (4 cores per cpu, 2 threads per core) family 6 model 60 stepping 3, cmov, cx8, fxsr, mmx, sse, sse2, sse3, ssse3, sse4.1, sse4.2, popcnt, avx, avx2, aes, clmul, erms, lzcnt, ht, tsc, tscinvbit, bmi1, bmi2

Memory: 4k page, physical 8065956k(1125812k free), swap 8064120k(13076k free)

vm_info: Java HotSpot(TM) 64-Bit Server VM (25.25-b02) for windows-amd64 JRE (1.8.0_25-b18), built on Oct  7 2014 14:25:37 by "java_re" with MS VC++ 10.0 (VS2010)

time: Tue Feb 23 15:02:55 2016
elapsed time: 1 seconds (0d 0h 0m 1s)

